<?xml version="1.0" encoding="UTF-8"?>
<!-- Generated by org.testng.reporters.JUnitReportReporter -->
<testsuite hostname="Abduls-MacBook-Pro.local" failures="0" tests="1" name="com.sibibase.Miscellaneous" time="15.225" errors="0" timestamp="2023-06-21T00:24:28 IST" skipped="0">
  <testcase classname="com.sibibase.Miscellaneous" name="lanscapeMode" time="15.225"/>
</testsuite> <!-- com.sibibase.Miscellaneous -->
