<?xml version="1.0" encoding="UTF-8"?>
<!-- Generated by org.testng.reporters.JUnitReportReporter -->
<testsuite hostname="Abduls-MacBook-Pro.local" failures="0" tests="1" name="com.sibibase.Swipe" time="6.703" errors="0" timestamp="2023-06-20T22:34:22 IST" skipped="0">
  <testcase classname="com.sibibase.Swipe" name="swipeAction" time="6.703"/>
</testsuite> <!-- com.sibibase.Swipe -->
