<?xml version="1.0" encoding="UTF-8"?>
<!-- Generated by org.testng.reporters.JUnitReportReporter -->
<testsuite hostname="Abduls-MacBook-Pro.local" failures="0" tests="1" name="com.sibibase.DragAndDropping" time="4.609" errors="0" timestamp="2023-06-20T22:52:53 IST" skipped="0">
  <testcase classname="com.sibibase.DragAndDropping" name="swipeAction" time="4.609"/>
</testsuite> <!-- com.sibibase.DragAndDropping -->
