<?xml version="1.0" encoding="UTF-8"?>
<!-- Generated by org.testng.reporters.JUnitReportReporter -->
<testsuite hostname="Abduls-MacBook-Pro.local" failures="0" tests="1" name="com.sibibase.ScrollDown" time="7.660" errors="0" timestamp="2023-06-20T14:44:19 IST" skipped="0">
  <testcase classname="com.sibibase.ScrollDown" name="scrolling" time="7.660"/>
</testsuite> <!-- com.sibibase.ScrollDown -->
