<?xml version="1.0" encoding="UTF-8"?>
<!-- Generated by org.testng.reporters.JUnitReportReporter -->
<testsuite hostname="Abduls-MacBook-Pro.local" failures="0" tests="1" name="com.sibibase.AndroidLongPress" time="7.721" errors="0" timestamp="2023-06-20T13:02:25 IST" skipped="0">
  <testcase classname="com.sibibase.AndroidLongPress" name="longPressInAndroid" time="7.721"/>
</testsuite> <!-- com.sibibase.AndroidLongPress -->
