<?xml version="1.0" encoding="UTF-8"?>
<!-- Generated by org.testng.reporters.JUnitReportReporter -->
<testsuite hostname="Abduls-MacBook-Pro.local" failures="0" tests="1" name="com.sibibase.AppiumBasics" time="7.965" errors="0" timestamp="2023-06-20T13:58:39 IST" skipped="0">
  <testcase classname="com.sibibase.AppiumBasics" name="AppiumTest" time="7.965"/>
</testsuite> <!-- com.sibibase.AppiumBasics -->
